Using pre-set license
Built from '2020.3/staging' branch; Version is '2020.3.9f1 (108be757e447) revision 1084391'; Using compiler version '192528614'; Build Type 'Release'
OS: 'Windows 10 Pro; OS build 18363.418; Version 1909; 64bit' Language: 'en' Physical Memory: 16328 MB
BatchMode: 1, IsHumanControllingUs: 0, StartBugReporterOnCrash: 0, Is64bit: 1, IsPro: 0

 COMMAND LINE ARGUMENTS:
C:\Program Files\Unity\Hub\Editor\2020.3.9f1\Editor\Unity.exe
-adb2
-batchMode
-noUpm
-name
AssetImportWorker0
-projectPath
D:/GitHub/JackAction
-logFile
Logs/AssetImportWorker0.log
-srvPort
51020
Successfully changed project path to: D:/GitHub/JackAction
D:/GitHub/JackAction
Using Asset Import Pipeline V2.
Refreshing native plugins compatible for Editor in 45.27 ms, found 2 plugins.
Preloading 0 native plugins for Editor in 0.00 ms.
Initialize engine version: 2020.3.9f1 (108be757e447)
[Subsystems] Discovering subsystems at path C:/Program Files/Unity/Hub/Editor/2020.3.9f1/Editor/Data/Resources/UnitySubsystems
[Subsystems] Discovering subsystems at path D:/GitHub/JackAction/Assets
GfxDevice: creating device client; threaded=0
Direct3D:
    Version:  Direct3D 11.0 [level 11.1]
    Renderer: NVIDIA GeForce GTX 1050 Ti (ID=0x1c82)
    Vendor:   
    VRAM:     4018 MB
    Driver:   27.21.14.6647
Shader 'Universal Render Pipeline/Particles/Lit': fallback shader 'Universal Render Pipeline/Particles/SimpleLit' not found
Initialize mono
Mono path[0] = 'C:/Program Files/Unity/Hub/Editor/2020.3.9f1/Editor/Data/Managed'
Mono path[1] = 'C:/Program Files/Unity/Hub/Editor/2020.3.9f1/Editor/Data/MonoBleedingEdge/lib/mono/unityjit'
Mono config path = 'C:/Program Files/Unity/Hub/Editor/2020.3.9f1/Editor/Data/MonoBleedingEdge/etc'
Using monoOptions --debugger-agent=transport=dt_socket,embedding=1,server=y,suspend=n,address=127.0.0.1:56232
Begin MonoManager ReloadAssembly
Registering precompiled unity dll's ...
Register platform support module: C:/Program Files/Unity/Hub/Editor/2020.3.9f1/Editor/Data/PlaybackEngines/WindowsStandaloneSupport/UnityEditor.WindowsStandalone.Extensions.dll
Registered in 0.001671 seconds.
Native extension for WindowsStandalone target not found
Refreshing native plugins compatible for Editor in 44.91 ms, found 2 plugins.
Preloading 0 native plugins for Editor in 0.00 ms.
Mono: successfully reloaded assembly
- Completed reload, in  0.836 seconds
Platform modules already initialized, skipping
Registering precompiled user dll's ...
Registered in 0.003077 seconds.
Begin MonoManager ReloadAssembly
Native extension for WindowsStandalone target not found
Refreshing native plugins compatible for Editor in 47.06 ms, found 2 plugins.
Preloading 0 native plugins for Editor in 0.00 ms.
Mono: successfully reloaded assembly
- Completed reload, in  0.904 seconds
Platform modules already initialized, skipping
========================================================================
Worker process is ready to serve import requests
Shader 'Universal Render Pipeline/Particles/Lit': fallback shader 'Universal Render Pipeline/Particles/SimpleLit' not found
Launched and connected shader compiler UnityShaderCompiler.exe after 0.11 seconds
Refreshing native plugins compatible for Editor in 0.62 ms, found 2 plugins.
Preloading 0 native plugins for Editor in 0.00 ms.
Unloading 2969 Unused Serialized files (Serialized files now loaded: 0)
System memory in use before: 137.9 MB.
System memory in use after: 138.1 MB.

Unloading 141 unused Assets to reduce memory usage. Loaded Objects now: 3430.
Total: 2.332400 ms (FindLiveObjects: 0.261400 ms CreateObjectMapping: 0.076400 ms MarkObjects: 1.845800 ms  DeleteObjects: 0.148000 ms)

========================================================================
Received Import Request.
  path: Assets/JackAction/Scripts/MS_Camera.cs
  artifactKey: Guid(bc037ed2f3d270a4791f31754015373e) Importer(815301076,1909f56bfc062723c751e8b465ee728b)
Start importing Assets/JackAction/Scripts/MS_Camera.cs using Guid(bc037ed2f3d270a4791f31754015373e) Importer(815301076,1909f56bfc062723c751e8b465ee728b)  -> (artifact id: '94bfa07db61552c9dd49b5f922efd78e') in 0.024473 seconds
  Import took 0.123192 seconds .

========================================================================
Received Import Request.
  Time since last request: 10.679197 seconds.
  path: Assets/JackAction/Scripts/CameraLookAt.cs
  artifactKey: Guid(bc037ed2f3d270a4791f31754015373e) Importer(815301076,1909f56bfc062723c751e8b465ee728b)
Start importing Assets/JackAction/Scripts/CameraLookAt.cs using Guid(bc037ed2f3d270a4791f31754015373e) Importer(815301076,1909f56bfc062723c751e8b465ee728b)  -> (artifact id: 'd947a71efe9b6988c760ec798cccedeb') in 0.005530 seconds
  Import took 0.020652 seconds .

========================================================================
Received Prepare
Registering precompiled user dll's ...
Registered in 0.003187 seconds.
Begin MonoManager ReloadAssembly
Native extension for WindowsStandalone target not found
Refreshing native plugins compatible for Editor in 0.59 ms, found 2 plugins.
Preloading 0 native plugins for Editor in 0.00 ms.
Mono: successfully reloaded assembly
- Completed reload, in  0.839 seconds
Platform modules already initialized, skipping
Shader 'Universal Render Pipeline/Particles/Lit': fallback shader 'Universal Render Pipeline/Particles/SimpleLit' not found
Refreshing native plugins compatible for Editor in 0.58 ms, found 2 plugins.
Preloading 0 native plugins for Editor in 0.00 ms.
Unloading 2834 Unused Serialized files (Serialized files now loaded: 0)
System memory in use before: 128.4 MB.
System memory in use after: 128.6 MB.

Unloading 136 unused Assets to reduce memory usage. Loaded Objects now: 3433.
Total: 2.215000 ms (FindLiveObjects: 0.246900 ms CreateObjectMapping: 0.073600 ms MarkObjects: 1.796100 ms  DeleteObjects: 0.097400 ms)

========================================================================
Received Import Request.
  Time since last request: 22.352022 seconds.
  path: Assets/JackAction/Scripts/NavMeshMovement.cs
  artifactKey: Guid(d29242d3080479540b3c4620617d013a) Importer(815301076,1909f56bfc062723c751e8b465ee728b)
Start importing Assets/JackAction/Scripts/NavMeshMovement.cs using Guid(d29242d3080479540b3c4620617d013a) Importer(815301076,1909f56bfc062723c751e8b465ee728b)  -> (artifact id: 'c4d94198e2d00c3fa615ea1803337808') in 0.009015 seconds
  Import took 0.021977 seconds .

========================================================================
Received Prepare
Registering precompiled user dll's ...
Registered in 0.003185 seconds.
Begin MonoManager ReloadAssembly
Native extension for WindowsStandalone target not found
Refreshing native plugins compatible for Editor in 0.64 ms, found 2 plugins.
Preloading 0 native plugins for Editor in 0.00 ms.
Mono: successfully reloaded assembly
- Completed reload, in  0.836 seconds
Platform modules already initialized, skipping
Shader 'Universal Render Pipeline/Particles/Lit': fallback shader 'Universal Render Pipeline/Particles/SimpleLit' not found
Refreshing native plugins compatible for Editor in 0.60 ms, found 2 plugins.
Preloading 0 native plugins for Editor in 0.00 ms.
Unloading 2834 Unused Serialized files (Serialized files now loaded: 0)
System memory in use before: 128.4 MB.
System memory in use after: 128.7 MB.

Unloading 136 unused Assets to reduce memory usage. Loaded Objects now: 3436.
Total: 2.332200 ms (FindLiveObjects: 0.263700 ms CreateObjectMapping: 0.083400 ms MarkObjects: 1.884200 ms  DeleteObjects: 0.100100 ms)

========================================================================
Received Prepare
Registering precompiled user dll's ...
Registered in 0.003477 seconds.
Begin MonoManager ReloadAssembly
Native extension for WindowsStandalone target not found
Refreshing native plugins compatible for Editor in 0.65 ms, found 2 plugins.
Preloading 0 native plugins for Editor in 0.00 ms.
Mono: successfully reloaded assembly
- Completed reload, in  0.859 seconds
Platform modules already initialized, skipping
Shader 'Universal Render Pipeline/Particles/Lit': fallback shader 'Universal Render Pipeline/Particles/SimpleLit' not found
Refreshing native plugins compatible for Editor in 0.62 ms, found 2 plugins.
Preloading 0 native plugins for Editor in 0.00 ms.
Unloading 2834 Unused Serialized files (Serialized files now loaded: 0)
System memory in use before: 128.5 MB.
System memory in use after: 128.7 MB.

Unloading 136 unused Assets to reduce memory usage. Loaded Objects now: 3439.
Total: 2.357200 ms (FindLiveObjects: 0.264500 ms CreateObjectMapping: 0.068800 ms MarkObjects: 1.923700 ms  DeleteObjects: 0.099100 ms)

========================================================================
Received Import Request.
  Time since last request: 24.928023 seconds.
  path: Assets/JackAction/Scripts/CameraLookAt.cs
  artifactKey: Guid(bc037ed2f3d270a4791f31754015373e) Importer(815301076,1909f56bfc062723c751e8b465ee728b)
Start importing Assets/JackAction/Scripts/CameraLookAt.cs using Guid(bc037ed2f3d270a4791f31754015373e) Importer(815301076,1909f56bfc062723c751e8b465ee728b)  -> (artifact id: '10e8923105385927bf7644fb3be8bf4b') in 0.004749 seconds
  Import took 0.021759 seconds .

========================================================================
Received Prepare
Registering precompiled user dll's ...
Registered in 0.003108 seconds.
Begin MonoManager ReloadAssembly
Native extension for WindowsStandalone target not found
Refreshing native plugins compatible for Editor in 0.60 ms, found 2 plugins.
Preloading 0 native plugins for Editor in 0.00 ms.
Mono: successfully reloaded assembly
- Completed reload, in  0.833 seconds
Platform modules already initialized, skipping
Shader 'Universal Render Pipeline/Particles/Lit': fallback shader 'Universal Render Pipeline/Particles/SimpleLit' not found
Refreshing native plugins compatible for Editor in 0.59 ms, found 2 plugins.
Preloading 0 native plugins for Editor in 0.00 ms.
Unloading 2834 Unused Serialized files (Serialized files now loaded: 0)
System memory in use before: 128.5 MB.
System memory in use after: 128.7 MB.

Unloading 136 unused Assets to reduce memory usage. Loaded Objects now: 3442.
Total: 2.494400 ms (FindLiveObjects: 0.264500 ms CreateObjectMapping: 0.078100 ms MarkObjects: 2.056000 ms  DeleteObjects: 0.095100 ms)

========================================================================
Received Import Request.
  Time since last request: 31.426306 seconds.
  path: Assets/JackAction/Scripts/NavMeshMovement.cs
  artifactKey: Guid(d29242d3080479540b3c4620617d013a) Importer(815301076,1909f56bfc062723c751e8b465ee728b)
Start importing Assets/JackAction/Scripts/NavMeshMovement.cs using Guid(d29242d3080479540b3c4620617d013a) Importer(815301076,1909f56bfc062723c751e8b465ee728b)  -> (artifact id: '936a3097dba1dbbfa78754fe30e29dde') in 0.004412 seconds
  Import took 0.008218 seconds .

========================================================================
Received Prepare
Registering precompiled user dll's ...
Registered in 0.003259 seconds.
Begin MonoManager ReloadAssembly
Native extension for WindowsStandalone target not found
Refreshing native plugins compatible for Editor in 0.58 ms, found 2 plugins.
Preloading 0 native plugins for Editor in 0.00 ms.
Mono: successfully reloaded assembly
- Completed reload, in  0.833 seconds
Platform modules already initialized, skipping
Shader 'Universal Render Pipeline/Particles/Lit': fallback shader 'Universal Render Pipeline/Particles/SimpleLit' not found
Refreshing native plugins compatible for Editor in 0.59 ms, found 2 plugins.
Preloading 0 native plugins for Editor in 0.00 ms.
Unloading 2834 Unused Serialized files (Serialized files now loaded: 0)
System memory in use before: 128.5 MB.
System memory in use after: 128.7 MB.

Unloading 136 unused Assets to reduce memory usage. Loaded Objects now: 3445.
Total: 2.287000 ms (FindLiveObjects: 0.256800 ms CreateObjectMapping: 0.083200 ms MarkObjects: 1.854100 ms  DeleteObjects: 0.092100 ms)

========================================================================
Received Import Request.
  Time since last request: 14.938869 seconds.
  path: Assets/JackAction/Scripts/NavMeshMovement.cs
  artifactKey: Guid(d29242d3080479540b3c4620617d013a) Importer(815301076,1909f56bfc062723c751e8b465ee728b)
Start importing Assets/JackAction/Scripts/NavMeshMovement.cs using Guid(d29242d3080479540b3c4620617d013a) Importer(815301076,1909f56bfc062723c751e8b465ee728b)  -> (artifact id: '025cd8a521c32653f17d8e987e4ec37e') in 0.004516 seconds
  Import took 0.023453 seconds .

========================================================================
Received Import Request.
  Time since last request: 21.895420 seconds.
  path: Assets/JackAction/Sounds
  artifactKey: Guid(503c4e6daa8697f45846e45ec6f1adc2) Importer(815301076,1909f56bfc062723c751e8b465ee728b)
Start importing Assets/JackAction/Sounds using Guid(503c4e6daa8697f45846e45ec6f1adc2) Importer(815301076,1909f56bfc062723c751e8b465ee728b)  -> (artifact id: '942c1290713eb4c34cbd44cdfcc875cd') in 0.005782 seconds
  Import took 0.009896 seconds .

========================================================================
Received Import Request.
  Time since last request: 12.056137 seconds.
  path: Assets/JackAction/Shaders
  artifactKey: Guid(dc4dde93d3121ff4bbc9e14815d11849) Importer(815301076,1909f56bfc062723c751e8b465ee728b)
Start importing Assets/JackAction/Shaders using Guid(dc4dde93d3121ff4bbc9e14815d11849) Importer(815301076,1909f56bfc062723c751e8b465ee728b)  -> (artifact id: '77225d600d05e02a6e56fcbb1a10b09c') in 0.005669 seconds
  Import took 0.010403 seconds .

========================================================================
Received Import Request.
  Time since last request: 72.947456 seconds.
  path: Assets/JackAction/Scenes/JA_Supermarket_Interior
  artifactKey: Guid(c5fdb2874a81b694eb7cacf8a3ba9f4e) Importer(815301076,1909f56bfc062723c751e8b465ee728b)
Start importing Assets/JackAction/Scenes/JA_Supermarket_Interior using Guid(c5fdb2874a81b694eb7cacf8a3ba9f4e) Importer(815301076,1909f56bfc062723c751e8b465ee728b)  -> (artifact id: '4712931c4843c007e23c9d77d2f04cd0') in 0.006070 seconds
  Import took 0.012865 seconds .

========================================================================
Received Import Request.
  Time since last request: 1.287208 seconds.
  path: Assets/JackAction/Scenes/JA_House_Interior.unity
  artifactKey: Guid(dfa7be9dc20de1543a60ad4e50317899) Importer(815301076,1909f56bfc062723c751e8b465ee728b)
Start importing Assets/JackAction/Scenes/JA_House_Interior.unity using Guid(dfa7be9dc20de1543a60ad4e50317899) Importer(815301076,1909f56bfc062723c751e8b465ee728b)  -> (artifact id: '67e40790c2102163530b5665256f68f2') in 0.033975 seconds
  Import took 0.040166 seconds .

========================================================================
Received Import Request.
  Time since last request: 0.439493 seconds.
  path: Assets/JackAction/Scenes/JA_Supermarket_Interior.unity
  artifactKey: Guid(f4ed7f1cc2e1e8442bd35827fe86f819) Importer(815301076,1909f56bfc062723c751e8b465ee728b)
Start importing Assets/JackAction/Scenes/JA_Supermarket_Interior.unity using Guid(f4ed7f1cc2e1e8442bd35827fe86f819) Importer(815301076,1909f56bfc062723c751e8b465ee728b)  -> (artifact id: '904ac8eb62889372712b99e7ab25d8cb') in 0.005972 seconds
  Import took 0.023325 seconds .

